<?xml version="1.0" encoding="UTF-8"?>
<testsuite xmlns:xsi="http://www.w3.org/2001/XMLSchema-instance" xsi:noNamespaceSchemaLocation="https://maven.apache.org/surefire/maven-surefire-plugin/xsd/surefire-test-report-3.0.xsd" version="3.0" name="com.example.tictactoegame.TictactoeTest" time="0.084" tests="15" errors="0" skipped="0" failures="0">
  <properties>
[...]
</properties>
  <testcase name="testSecondPlayerWinnerByRightDiagonal" classname="com.example.tictactoegame.TictactoeTest" time="0.008"/>
  <testcase name="testDraw" classname="com.example.tictactoegame.TictactoeTest" time="0.01"/>
  <testcase name="testNoEnoughMovesWhenParamIsNull" classname="com.example.tictactoegame.TictactoeTest" time="0.001"/>
  <testcase name="testFirstPlayerWinnerByRightDiagonal" classname="com.example.tictactoegame.TictactoeTest" time="0.001"/>
  <testcase name="testFirstPlayerWinnerByLeftDiagonal" classname="com.example.tictactoegame.TictactoeTest" time="0.001"/>
  <testcase name="testWrongInputRowsEmptyMove" classname="com.example.tictactoegame.TictactoeTest" time="0.001"/>
  <testcase name="testWrongInputRowsImpossibleMove" classname="com.example.tictactoegame.TictactoeTest" time="0.004"/>
  <testcase name="testFirstPlayerWinnerByRow" classname="com.example.tictactoegame.TictactoeTest" time="0.001"/>
  <testcase name="testWrongInputColsOutOfBounds" classname="com.example.tictactoegame.TictactoeTest" time="0"/>
  <testcase name="testNoEnoughMoves" classname="com.example.tictactoegame.TictactoeTest" time="0"/>
  <testcase name="testSecondPlayerWinnerByColumn" classname="com.example.tictactoegame.TictactoeTest" time="0.007"/>
  <testcase name="testFirstPlayerWinnerByColumn" classname="com.example.tictactoegame.TictactoeTest" time="0.006"/>
  <testcase name="testSecondPlayerWinnerByRow" classname="com.example.tictactoegame.TictactoeTest" time="0.001"/>
  <testcase name="testWrongInputRowsOutOfBounds" classname="com.example.tictactoegame.TictactoeTest" time="0.001"/>
  <testcase name="testSecondPlayerWinnerByLeftDiagonal" classname="com.example.tictactoegame.TictactoeTest" time="0.001"/>
</testsuite>