<?xml version="1.0" encoding="UTF-8"?>
<testsuite xmlns:xsi="http://www.w3.org/2001/XMLSchema-instance" xsi:noNamespaceSchemaLocation="https://maven.apache.org/surefire/maven-surefire-plugin/xsd/surefire-test-report-3.0.xsd" version="3.0" name="com.example.tictactoegame.TictactoegameTest" time="0.245" tests="18" errors="0" skipped="0" failures="0">
  <properties>
[...]
</properties>
  <testcase name="testNotEnoughMoves" classname="com.example.tictactoegame.TictactoegameTest" time="0.063"/>
  <testcase name="testSecondPlayerWinsByLeftDiagonal" classname="com.example.tictactoegame.TictactoegameTest" time="0.002"/>
  <testcase name="testFirstPlayerWinsByRightDiagonal" classname="com.example.tictactoegame.TictactoegameTest" time="0.004"/>
  <testcase name="testFirstPlayerWinsByRow" classname="com.example.tictactoegame.TictactoegameTest" time="0.001"/>
  <testcase name="testWrongInputWhenSecondPlayerMadeMoreMovesThanFirst" classname="com.example.tictactoegame.TictactoegameTest" time="0.005"/>
  <testcase name="testImpossiblePosition" classname="com.example.tictactoegame.TictactoegameTest" time="0.001"/>
  <testcase name="testDraw" classname="com.example.tictactoegame.TictactoegameTest" time="0.005"/>
  <testcase name="testFirstPlayerWinsByColumn" classname="com.example.tictactoegame.TictactoegameTest" time="0.002"/>
  <testcase name="testNotEnoughMovesWhenBoardEmpty" classname="com.example.tictactoegame.TictactoegameTest" time="0.001"/>
  <testcase name="testWrongInputWhenNull" classname="com.example.tictactoegame.TictactoegameTest" time="0.001"/>
  <testcase name="testSecondPlayerWinsByColumn" classname="com.example.tictactoegame.TictactoegameTest" time="0.001"/>
  <testcase name="testSecondPlayerWinsByRow" classname="com.example.tictactoegame.TictactoegameTest" time="0"/>
  <testcase name="testWrongInputWhenDimensionsCountMismatch" classname="com.example.tictactoegame.TictactoegameTest" time="0.001"/>
  <testcase name="testWrongInputWhenDimensionSizeMismatch" classname="com.example.tictactoegame.TictactoegameTest" time="0.025"/>
  <testcase name="testFirstPlayerWinsByLeftDiagonal" classname="com.example.tictactoegame.TictactoegameTest" time="0.002"/>
  <testcase name="testSecondPlayerWinsByRightDiagonal" classname="com.example.tictactoegame.TictactoegameTest" time="0.002"/>
  <testcase name="testWrongInputWhenWrongSymbolOnTheBoard" classname="com.example.tictactoegame.TictactoegameTest" time="0.001"/>
  <testcase name="testWrongInputWhenRowIsNull" classname="com.example.tictactoegame.TictactoegameTest" time="0.001"/>
</testsuite>